Using pre-set license
Built from '2021.3/staging' branch; Version is '2021.3.8f1 (b30333d56e81) revision 11731763'; Using compiler version '192829333'; Build Type 'Release'
OS: 'Windows 11  (10.0.22621) 64bit CoreSingleLanguage' Language: 'pt' Physical Memory: 7532 MB
BatchMode: 1, IsHumanControllingUs: 0, StartBugReporterOnCrash: 0, Is64bit: 1, IsPro: 1

COMMAND LINE ARGUMENTS:
C:\Program Files\Unity\Hub\Editor\2021.3.8f1\Editor\Unity.exe
-adb2
-batchMode
-noUpm
-name
AssetImportWorker0
-projectPath
D:/Ultimo projeto faculdade/VECTOR 3 OHATA
-logFile
Logs/AssetImportWorker0.log
-srvPort
63462
Successfully changed project path to: D:/Ultimo projeto faculdade/VECTOR 3 OHATA
D:/Ultimo projeto faculdade/VECTOR 3 OHATA
[UnityMemory] Configuration Parameters - Can be set up in boot.config
    "memorysetup-bucket-allocator-granularity=16"
    "memorysetup-bucket-allocator-bucket-count=8"
    "memorysetup-bucket-allocator-block-size=33554432"
    "memorysetup-bucket-allocator-block-count=8"
    "memorysetup-main-allocator-block-size=16777216"
    "memorysetup-thread-allocator-block-size=16777216"
    "memorysetup-gfx-main-allocator-block-size=16777216"
    "memorysetup-gfx-thread-allocator-block-size=16777216"
    "memorysetup-cache-allocator-block-size=4194304"
    "memorysetup-typetree-allocator-block-size=2097152"
    "memorysetup-profiler-bucket-allocator-granularity=16"
    "memorysetup-profiler-bucket-allocator-bucket-count=8"
    "memorysetup-profiler-bucket-allocator-block-size=33554432"
    "memorysetup-profiler-bucket-allocator-block-count=8"
    "memorysetup-profiler-allocator-block-size=16777216"
    "memorysetup-profiler-editor-allocator-block-size=1048576"
    "memorysetup-temp-allocator-size-main=16777216"
    "memorysetup-job-temp-allocator-block-size=2097152"
    "memorysetup-job-temp-allocator-block-size-background=1048576"
    "memorysetup-job-temp-allocator-reduction-small-platforms=262144"
    "memorysetup-temp-allocator-size-background-worker=32768"
    "memorysetup-temp-allocator-size-job-worker=262144"
    "memorysetup-temp-allocator-size-preload-manager=33554432"
    "memorysetup-temp-allocator-size-nav-mesh-worker=65536"
    "memorysetup-temp-allocator-size-audio-worker=65536"
    "memorysetup-temp-allocator-size-cloud-worker=32768"
    "memorysetup-temp-allocator-size-gi-baking-worker=262144"
    "memorysetup-temp-allocator-size-gfx=262144"
Refreshing native plugins compatible for Editor in 79.40 ms, found 3 plugins.
Preloading 0 native plugins for Editor in 0.00 ms.
Initialize engine version: 2021.3.8f1 (b30333d56e81)
[Subsystems] Discovering subsystems at path C:/Program Files/Unity/Hub/Editor/2021.3.8f1/Editor/Data/Resources/UnitySubsystems
[Subsystems] Discovering subsystems at path D:/Ultimo projeto faculdade/VECTOR 3 OHATA/Assets
GfxDevice: creating device client; threaded=0; jobified=0
Direct3D:
    Version:  Direct3D 11.0 [level 11.1]
    Renderer: NVIDIA GeForce GTX 1650 (ID=0x1f9d)
    Vendor:   NVIDIA
    VRAM:     3952 MB
    Driver:   31.0.15.2656
Initialize mono
Mono path[0] = 'C:/Program Files/Unity/Hub/Editor/2021.3.8f1/Editor/Data/Managed'
Mono path[1] = 'C:/Program Files/Unity/Hub/Editor/2021.3.8f1/Editor/Data/MonoBleedingEdge/lib/mono/unityjit-win32'
Mono config path = 'C:/Program Files/Unity/Hub/Editor/2021.3.8f1/Editor/Data/MonoBleedingEdge/etc'
Using monoOptions --debugger-agent=transport=dt_socket,embedding=1,server=y,suspend=n,address=127.0.0.1:56812
Begin MonoManager ReloadAssembly
Registering precompiled unity dll's ...
Register platform support module: C:/Program Files/Unity/Hub/Editor/2021.3.8f1/Editor/Data/PlaybackEngines/WebGLSupport/UnityEditor.WebGL.Extensions.dll
Register platform support module: C:/Program Files/Unity/Hub/Editor/2021.3.8f1/Editor/Data/PlaybackEngines/AndroidPlayer/UnityEditor.Android.Extensions.dll
Register platform support module: C:/Program Files/Unity/Hub/Editor/2021.3.8f1/Editor/Data/PlaybackEngines/WindowsStandaloneSupport/UnityEditor.WindowsStandalone.Extensions.dll
Registered in 0.021667 seconds.
Native extension for WindowsStandalone target not found
Native extension for Android target not found
Native extension for WebGL target not found
Refreshing native plugins compatible for Editor in 68.99 ms, found 3 plugins.
Preloading 0 native plugins for Editor in 0.00 ms.
Mono: successfully reloaded assembly
- Completed reload, in  0.787 seconds
Domain Reload Profiling:
	ReloadAssembly (787ms)
		BeginReloadAssembly (147ms)
			ExecutionOrderSort (0ms)
			DisableScriptedObjects (0ms)
			BackupInstance (0ms)
			ReleaseScriptingObjects (0ms)
			CreateAndSetChildDomain (1ms)
		EndReloadAssembly (490ms)
			LoadAssemblies (141ms)
			RebuildTransferFunctionScriptingTraits (0ms)
			SetupTypeCache (136ms)
			ReleaseScriptCaches (0ms)
			RebuildScriptCaches (23ms)
			SetupLoadedEditorAssemblies (267ms)
				LogAssemblyErrors (0ms)
				InitializePlatformSupportModulesInManaged (68ms)
				SetLoadedEditorAssemblies (0ms)
				RefreshPlugins (69ms)
				BeforeProcessingInitializeOnLoad (1ms)
				ProcessInitializeOnLoadAttributes (90ms)
				ProcessInitializeOnLoadMethodAttributes (39ms)
				AfterProcessingInitializeOnLoad (0ms)
				EditorAssembliesLoaded (0ms)
			ExecutionOrderSort2 (0ms)
			AwakeInstancesAfterBackupRestoration (0ms)
Platform modules already initialized, skipping
Registering precompiled user dll's ...
Registered in 0.004250 seconds.
Begin MonoManager ReloadAssembly
Symbol file LoadedFromMemory doesn't match image D:\Ultimo projeto faculdade\VECTOR 3 OHATA\Library\PackageCache\com.unity.visualscripting@1.7.8\Editor\VisualScripting.Core\Dependencies\YamlDotNet\Unity.VisualScripting.YamlDotNet.dll
Symbol file LoadedFromMemory doesn't match image D:\Ultimo projeto faculdade\VECTOR 3 OHATA\Library\PackageCache\com.unity.visualscripting@1.7.8\Editor\VisualScripting.Core\Dependencies\DotNetZip\Unity.VisualScripting.IonicZip.dll
Native extension for WindowsStandalone target not found
Native extension for Android target not found
Native extension for WebGL target not found
Refreshing native plugins compatible for Editor in 0.62 ms, found 3 plugins.
Preloading 0 native plugins for Editor in 0.00 ms.
Mono: successfully reloaded assembly
- Completed reload, in  1.330 seconds
Domain Reload Profiling:
	ReloadAssembly (1331ms)
		BeginReloadAssembly (251ms)
			ExecutionOrderSort (0ms)
			DisableScriptedObjects (5ms)
			BackupInstance (0ms)
			ReleaseScriptingObjects (0ms)
			CreateAndSetChildDomain (128ms)
		EndReloadAssembly (954ms)
			LoadAssemblies (131ms)
			RebuildTransferFunctionScriptingTraits (0ms)
			SetupTypeCache (368ms)
			ReleaseScriptCaches (1ms)
			RebuildScriptCaches (53ms)
			SetupLoadedEditorAssemblies (381ms)
				LogAssemblyErrors (0ms)
				InitializePlatformSupportModulesInManaged (23ms)
				SetLoadedEditorAssemblies (0ms)
				RefreshPlugins (1ms)
				BeforeProcessingInitializeOnLoad (91ms)
				ProcessInitializeOnLoadAttributes (216ms)
				ProcessInitializeOnLoadMethodAttributes (27ms)
				AfterProcessingInitializeOnLoad (23ms)
				EditorAssembliesLoaded (0ms)
			ExecutionOrderSort2 (0ms)
			AwakeInstancesAfterBackupRestoration (7ms)
Platform modules already initialized, skipping
========================================================================
Worker process is ready to serve import requests
Launched and connected shader compiler UnityShaderCompiler.exe after 0.09 seconds
Refreshing native plugins compatible for Editor in 0.68 ms, found 3 plugins.
Preloading 0 native plugins for Editor in 0.00 ms.
Unloading 3380 Unused Serialized files (Serialized files now loaded: 0)
Unloading 27 unused Assets / (111.0 KB). Loaded Objects now: 3839.
Memory consumption went from 116.2 MB to 116.1 MB.
Total: 3.394900 ms (FindLiveObjects: 0.300400 ms CreateObjectMapping: 0.098000 ms MarkObjects: 2.875400 ms  DeleteObjects: 0.120100 ms)

AssetImportParameters requested are different than current active one (requested -> active):
  custom:video-decoder-ogg-theora: a1e56fd34408186e4bbccfd4996cb3dc -> 
  custom:container-muxer-webm: aa71ff27fc2769a1b78a27578f13a17b -> 
  custom:container-demuxer-webm: 4f35f7cbe854078d1ac9338744f61a02 -> 
  custom:video-encoder-webm-vp8: eb34c28f22e8b96e1ab97ce403110664 -> 
  custom:video-codec-MediaFoundation-h265: 746d11721c4dcdbdad8f713fa42b33f4 -> 
  custom:audio-encoder-webm-vorbis: bf7c407c2cedff20999df2af8eb42d56 -> 
  custom:framework-win-MediaFoundation: 216162199b28c13a410421893ffa2e32 -> 
  custom:container-demuxer-ogg: 62fdf1f143b41e24485cea50d1cbac27 -> 
  custom:video-decoder-webm-vp8: 9c59270c3fd7afecdb556c50c9e8de78 -> 
  custom:audio-decoder-ogg-vorbis: bf7c407c2cedff20999df2af8eb42d56 -> 
========================================================================
Received Import Request.
  Time since last request: 167751.446490 seconds.
  path: Assets/characters
  artifactKey: Guid(0ec7ba48548770d449281da31888c79c) Importer(815301076,1909f56bfc062723c751e8b465ee728b)
Start importing Assets/characters using Guid(0ec7ba48548770d449281da31888c79c) Importer(815301076,1909f56bfc062723c751e8b465ee728b)  -> (artifact id: 'e4e6706c463a3d1a2d294de3546ff2ec') in 0.008962 seconds 
========================================================================
Received Import Request.
  Time since last request: 9.427056 seconds.
  path: Assets/characters/swat
  artifactKey: Guid(f2ecbb34ae3497240b2f9c5c62c027d3) Importer(815301076,1909f56bfc062723c751e8b465ee728b)
Start importing Assets/characters/swat using Guid(f2ecbb34ae3497240b2f9c5c62c027d3) Importer(815301076,1909f56bfc062723c751e8b465ee728b)  -> (artifact id: '686ff7cc21147ae0ce005e61d494394b') in 0.001228 seconds 
========================================================================
Received Import Request.
  Time since last request: 5.979192 seconds.
  path: Assets/characters/swat/Swat.fbx
  artifactKey: Guid(3dbd5b142c4b32d439ade22129823cbf) Importer(815301076,1909f56bfc062723c751e8b465ee728b)
Start importing Assets/characters/swat/Swat.fbx using Guid(3dbd5b142c4b32d439ade22129823cbf) Importer(815301076,1909f56bfc062723c751e8b465ee728b)  -> (artifact id: 'a18f46e8f680d44419f43dbef32cb950') in 0.187194 seconds 
========================================================================
Received Import Request.
  Time since last request: 4.284513 seconds.
  path: Assets/characters/swat/Swat.fbx
  artifactKey: Guid(3dbd5b142c4b32d439ade22129823cbf) Importer(815301076,1909f56bfc062723c751e8b465ee728b)
Start importing Assets/characters/swat/Swat.fbx using Guid(3dbd5b142c4b32d439ade22129823cbf) Importer(815301076,1909f56bfc062723c751e8b465ee728b)  -> (artifact id: '7b18e803f2a398c7d4d1c77b2fe087ef') in 0.058999 seconds 
========================================================================
Received Import Request.
  Time since last request: 12.367094 seconds.
  path: Assets/characters/zombie
  artifactKey: Guid(3c42f4f54de0a5a4fa443fa1fb50f1ec) Importer(815301076,1909f56bfc062723c751e8b465ee728b)
Start importing Assets/characters/zombie using Guid(3c42f4f54de0a5a4fa443fa1fb50f1ec) Importer(815301076,1909f56bfc062723c751e8b465ee728b)  -> (artifact id: 'f834a8932472f32fe0d56080b1b10026') in 0.001388 seconds 
========================================================================
Received Import Request.
  Time since last request: 23.276641 seconds.
  path: Assets/characters/zombie/Zombiegirl W Kurniawan.fbx
  artifactKey: Guid(8eb7e097bf664a646aa6f498f5324e30) Importer(815301076,1909f56bfc062723c751e8b465ee728b)
Start importing Assets/characters/zombie/Zombiegirl W Kurniawan.fbx using Guid(8eb7e097bf664a646aa6f498f5324e30) Importer(815301076,1909f56bfc062723c751e8b465ee728b)  -> (artifact id: '61a8617344b65a9b4d0e2dfac3ce3638') in 0.256095 seconds 
========================================================================
Received Import Request.
  Time since last request: 4.798108 seconds.
  path: Assets/characters/zombie/Zombiegirl W Kurniawan.fbx
  artifactKey: Guid(8eb7e097bf664a646aa6f498f5324e30) Importer(815301076,1909f56bfc062723c751e8b465ee728b)
Start importing Assets/characters/zombie/Zombiegirl W Kurniawan.fbx using Guid(8eb7e097bf664a646aa6f498f5324e30) Importer(815301076,1909f56bfc062723c751e8b465ee728b)  -> (artifact id: '8b17832600a531862e52ae99385b113c') in 0.076042 seconds 
========================================================================
Received Import Request.
  Time since last request: 24.179196 seconds.
  path: Assets/characters/swat/Swat.fbx
  artifactKey: Guid(3dbd5b142c4b32d439ade22129823cbf) Importer(815301076,1909f56bfc062723c751e8b465ee728b)
Start importing Assets/characters/swat/Swat.fbx using Guid(3dbd5b142c4b32d439ade22129823cbf) Importer(815301076,1909f56bfc062723c751e8b465ee728b)  -> (artifact id: '4e19f2ff3a50def52172f20ebce2f0c3') in 0.053801 seconds 
========================================================================
Received Import Request.
  Time since last request: 7.840742 seconds.
  path: Assets/characters/swat/Swat.fbx
  artifactKey: Guid(3dbd5b142c4b32d439ade22129823cbf) Importer(815301076,1909f56bfc062723c751e8b465ee728b)
Start importing Assets/characters/swat/Swat.fbx using Guid(3dbd5b142c4b32d439ade22129823cbf) Importer(815301076,1909f56bfc062723c751e8b465ee728b)  -> (artifact id: '72bb2171bb20c37854e18a36fb7b08a4') in 0.229026 seconds 
========================================================================
Received Import Request.
  Time since last request: 0.000028 seconds.
  path: Assets/characters/swat/Soldier_head_diffuse.png
  artifactKey: Guid(97d00f6c1673e854a9cc095d0f000be7) Importer(815301076,1909f56bfc062723c751e8b465ee728b)
Start importing Assets/characters/swat/Soldier_head_diffuse.png using Guid(97d00f6c1673e854a9cc095d0f000be7) Importer(815301076,1909f56bfc062723c751e8b465ee728b)  -> (artifact id: '6748363774b90264348d735e4684e01e') in 0.019981 seconds 
========================================================================
Received Import Request.
  Time since last request: 0.000040 seconds.
  path: Assets/characters/swat/Soldier_Body_specular.png
  artifactKey: Guid(a5cb51c0e37d84c47aceeb41f9e71c75) Importer(815301076,1909f56bfc062723c751e8b465ee728b)
Start importing Assets/characters/swat/Soldier_Body_specular.png using Guid(a5cb51c0e37d84c47aceeb41f9e71c75) Importer(815301076,1909f56bfc062723c751e8b465ee728b)  -> (artifact id: '3d59201f0ae459085f4976540944bd28') in 0.012074 seconds 
========================================================================
Received Import Request.
  Time since last request: 0.000033 seconds.
  path: Assets/characters/swat/Soldier_Body_normal.png
  artifactKey: Guid(d524971c6b240cc4fb9f46057fddf4c5) Importer(815301076,1909f56bfc062723c751e8b465ee728b)
Start importing Assets/characters/swat/Soldier_Body_normal.png using Guid(d524971c6b240cc4fb9f46057fddf4c5) Importer(815301076,1909f56bfc062723c751e8b465ee728b)  -> (artifact id: '132671390976a24cd5932b8a60a144d8') in 0.016919 seconds 
========================================================================
Received Import Request.
  Time since last request: 1.990189 seconds.
  path: Assets/characters/swat/Swat.fbx
  artifactKey: Guid(3dbd5b142c4b32d439ade22129823cbf) Importer(815301076,1909f56bfc062723c751e8b465ee728b)
Start importing Assets/characters/swat/Swat.fbx using Guid(3dbd5b142c4b32d439ade22129823cbf) Importer(815301076,1909f56bfc062723c751e8b465ee728b)  -> (artifact id: '9b73bab7637e2bc4011e69d5483dac1d') in 0.042423 seconds 
========================================================================
Received Import Request.
  Time since last request: 5.415183 seconds.
  path: Assets/characters/swat/Soldier_body1.mat
  artifactKey: Guid(b34e1e6c42e979348b579d88adb7c156) Importer(815301076,1909f56bfc062723c751e8b465ee728b)
Start importing Assets/characters/swat/Soldier_body1.mat using Guid(b34e1e6c42e979348b579d88adb7c156) Importer(815301076,1909f56bfc062723c751e8b465ee728b)  -> (artifact id: 'a74fc15efa6f8bc0bf457512b6dddf8c') in 0.030179 seconds 
Editor requested this worker to shutdown with reason: Scaling down because of idle timeout
AssetImportWorker is now disconnected from the server
Process exiting
Exiting without the bug reporter. Application will terminate with return code 0